0 info it worked if it ends with ok
1 verbose cli [ '/usr/local/bin/node', '/usr/local/bin/npm', 'start' ]
2 info using npm@3.7.2
3 info using node@v4.2.6
4 verbose run-script [ 'prestart', 'start', 'poststart' ]
5 info lifecycle multitrack-mix-poc@1.0.0~prestart: multitrack-mix-poc@1.0.0
6 silly lifecycle multitrack-mix-poc@1.0.0~prestart: no script for prestart, continuing
7 info lifecycle multitrack-mix-poc@1.0.0~start: multitrack-mix-poc@1.0.0
8 verbose lifecycle multitrack-mix-poc@1.0.0~start: unsafe-perm in lifecycle true
9 verbose lifecycle multitrack-mix-poc@1.0.0~start: PATH: /usr/local/lib/node_modules/npm/bin/node-gyp-bin:/Users/kevin/Dropbox/Project/multitrack-mix-poc/node_modules/.bin:/usr/local/bin:/Library/Frameworks/Python.framework/Versions/3.5/bin:/Library/Frameworks/Python.framework/Versions/3.5/bin:/Users/kevin/.rvm/gems/ruby-2.2.1/bin:/Users/kevin/.rvm/gems/ruby-2.2.1@global/bin:/Users/kevin/.rvm/rubies/ruby-2.2.1/bin:/usr/local/bin:/usr/bin:/bin:/usr/sbin:/sbin:/Users/kevin/.rvm/bin
10 verbose lifecycle multitrack-mix-poc@1.0.0~start: CWD: /Users/kevin/Dropbox/Project/multitrack-mix-poc
11 silly lifecycle multitrack-mix-poc@1.0.0~start: Args: [ '-c', 'node server.js' ]
12 silly lifecycle multitrack-mix-poc@1.0.0~start: Returned: code: 1  signal: null
13 info lifecycle multitrack-mix-poc@1.0.0~start: Failed to exec start script
14 verbose stack Error: multitrack-mix-poc@1.0.0 start: `node server.js`
14 verbose stack Exit status 1
14 verbose stack     at EventEmitter.<anonymous> (/usr/local/lib/node_modules/npm/lib/utils/lifecycle.js:239:16)
14 verbose stack     at emitTwo (events.js:87:13)
14 verbose stack     at EventEmitter.emit (events.js:172:7)
14 verbose stack     at ChildProcess.<anonymous> (/usr/local/lib/node_modules/npm/lib/utils/spawn.js:24:14)
14 verbose stack     at emitTwo (events.js:87:13)
14 verbose stack     at ChildProcess.emit (events.js:172:7)
14 verbose stack     at maybeClose (internal/child_process.js:821:16)
14 verbose stack     at Process.ChildProcess._handle.onexit (internal/child_process.js:211:5)
15 verbose pkgid multitrack-mix-poc@1.0.0
16 verbose cwd /Users/kevin/Dropbox/Project/multitrack-mix-poc
17 error Darwin 15.2.0
18 error argv "/usr/local/bin/node" "/usr/local/bin/npm" "start"
19 error node v4.2.6
20 error npm  v3.7.2
21 error code ELIFECYCLE
22 error multitrack-mix-poc@1.0.0 start: `node server.js`
22 error Exit status 1
23 error Failed at the multitrack-mix-poc@1.0.0 start script 'node server.js'.
23 error Make sure you have the latest version of node.js and npm installed.
23 error If you do, this is most likely a problem with the multitrack-mix-poc package,
23 error not with npm itself.
23 error Tell the author that this fails on your system:
23 error     node server.js
23 error You can get information on how to open an issue for this project with:
23 error     npm bugs multitrack-mix-poc
23 error Or if that isn't available, you can get their info via:
23 error     npm owner ls multitrack-mix-poc
23 error There is likely additional logging output above.
24 verbose exit [ 1, true ]
